<?xml version="1.0" encoding="UTF-8"?>
<!-- Generated by org.testng.reporters.JUnitReportReporter -->
<testsuite hostname="LAXMAN" failures="0" tests="11" name="cucumber.options.TestRunner" time="64.705" errors="0" timestamp="2023-12-24T19:38:19 IST" skipped="0">
  <testcase classname="cucumber.options.TestRunner" name="runScenario" time="6.918"/>
  <testcase classname="cucumber.options.TestRunner" name="runScenario" time="2.934"/>
  <testcase classname="cucumber.options.TestRunner" name="runScenario" time="2.444"/>
  <testcase classname="cucumber.options.TestRunner" name="runScenario" time="7.649"/>
  <testcase classname="cucumber.options.TestRunner" name="runScenario" time="7.403"/>
  <testcase classname="cucumber.options.TestRunner" name="runScenario" time="2.640"/>
  <testcase classname="cucumber.options.TestRunner" name="runScenario" time="3.071"/>
  <testcase classname="cucumber.options.TestRunner" name="runScenario" time="6.895"/>
  <testcase classname="cucumber.options.TestRunner" name="runScenario" time="16.106"/>
  <testcase classname="cucumber.options.TestRunner" name="runScenario" time="5.908"/>
  <testcase classname="cucumber.options.TestRunner" name="runScenario" time="2.737"/>
</testsuite> <!-- cucumber.options.TestRunner -->
