<?xml version="1.0" encoding="UTF-8"?>
<!-- Generated by org.testng.reporters.JUnitReportReporter -->
<testsuite hostname="LAXMAN" failures="0" tests="1" name="cucumber.options.TestRunner" time="23.040" errors="1" timestamp="2024-06-13T20:48:42 IST" skipped="0">
  <testcase classname="cucumber.options.TestRunner" name="runScenario" time="23.040">
    <error message="Cannot invoke &quot;org.apache.logging.log4j.Logger.info(String)&quot; because &quot;this.log&quot; is null" type="java.lang.NullPointerException">
      <![CDATA[java.lang.NullPointerException: Cannot invoke "org.apache.logging.log4j.Logger.info(String)" because "this.log" is null
at page.CheckOutPage.enterfirstname_last_name_and_zipcode(CheckOutPage.java:13)
at stepDefination.CheckoutStep.enter_first_name_last_name_and_zipcode(CheckoutStep.java:12)
at âœ½.enter first name "Laxman" last name "Singh" and zipcode "262553"(file:///D:/java%20eclipse/com.sharkNinja/./src/test/java/features/CheckOut.feature:11)
]]>
    </error>
  </testcase> <!-- runScenario -->
  <system-out/>
</testsuite> <!-- cucumber.options.TestRunner -->
