<?xml version="1.0" encoding="UTF-8"?>
<!-- Generated by org.testng.reporters.JUnitReportReporter -->
<testsuite hostname="LAXMAN" failures="0" tests="3" name="cucumber.options.TestRunner" time="29.188" errors="0" timestamp="2023-12-07T21:40:42 IST" skipped="0">
  <testcase classname="cucumber.options.TestRunner" name="runScenario" time="5.284"/>
  <testcase classname="cucumber.options.TestRunner" name="runScenario" time="4.425"/>
  <testcase classname="cucumber.options.TestRunner" name="runScenario" time="19.479"/>
</testsuite> <!-- cucumber.options.TestRunner -->
