<?xml version="1.0" encoding="UTF-8"?>
<!-- Generated by org.testng.reporters.JUnitReportReporter -->
<testsuite hostname="LAXMAN" failures="0" tests="11" name="cucumber.options.TestRunner" time="69.123" errors="0" timestamp="2023-12-04T19:45:22 IST" skipped="0">
  <testcase classname="cucumber.options.TestRunner" name="runScenario" time="6.726"/>
  <testcase classname="cucumber.options.TestRunner" name="runScenario" time="4.389"/>
  <testcase classname="cucumber.options.TestRunner" name="runScenario" time="10.032"/>
  <testcase classname="cucumber.options.TestRunner" name="runScenario" time="8.269"/>
  <testcase classname="cucumber.options.TestRunner" name="runScenario" time="7.476"/>
  <testcase classname="cucumber.options.TestRunner" name="runScenario" time="8.979"/>
  <testcase classname="cucumber.options.TestRunner" name="runScenario" time="3.292"/>
  <testcase classname="cucumber.options.TestRunner" name="runScenario" time="8.416"/>
  <testcase classname="cucumber.options.TestRunner" name="runScenario" time="3.139"/>
  <testcase classname="cucumber.options.TestRunner" name="runScenario" time="3.337"/>
  <testcase classname="cucumber.options.TestRunner" name="runScenario" time="5.068"/>
</testsuite> <!-- cucumber.options.TestRunner -->
